<?xml version="1.0" encoding="UTF-8"?>
<testng-results ignored="0" total="7" passed="7" failed="0" skipped="0">
  <reporter-output>
  </reporter-output>
  <suite started-at="2024-02-09T16:28:10 IST" name="Practice Suite" finished-at="2024-02-09T16:28:56 IST" duration-ms="45862">
    <groups>
    </groups>
    <test started-at="2024-02-09T16:28:10 IST" name="Test Basics" finished-at="2024-02-09T16:28:56 IST" duration-ms="45862">
      <class name="com.qa.test.saucedemo.testcase.CheckoutOverviewPageTest">
        <test-method is-config="true" signature="setUp()[pri:0, instance:com.qa.test.saucedemo.testcase.CheckoutOverviewPageTest@618b19ad]" started-at="2024-02-09T16:28:40 IST" name="setUp" finished-at="2024-02-09T16:28:43 IST" duration-ms="3015" status="PASS">
          <reporter-output>
          </reporter-output>
        </test-method> <!-- setUp -->
        <test-method signature="clickFinish()[pri:0, instance:com.qa.test.saucedemo.testcase.CheckoutOverviewPageTest@618b19ad]" started-at="2024-02-09T16:28:43 IST" name="clickFinish" finished-at="2024-02-09T16:28:48 IST" duration-ms="5093" status="PASS">
          <reporter-output>
          </reporter-output>
        </test-method> <!-- clickFinish -->
        <test-method is-config="true" signature="tearDown()[pri:0, instance:com.qa.test.saucedemo.testcase.CheckoutOverviewPageTest@618b19ad]" started-at="2024-02-09T16:28:48 IST" name="tearDown" finished-at="2024-02-09T16:28:48 IST" duration-ms="158" status="PASS">
          <reporter-output>
          </reporter-output>
        </test-method> <!-- tearDown -->
      </class> <!-- com.qa.test.saucedemo.testcase.CheckoutOverviewPageTest -->
      <class name="com.qa.test.saucedemo.testcase.CheckoutCompletePageTest">
        <test-method is-config="true" signature="setUp()[pri:0, instance:com.qa.test.saucedemo.testcase.CheckoutCompletePageTest@2d3379b4]" started-at="2024-02-09T16:28:48 IST" name="setUp" finished-at="2024-02-09T16:28:51 IST" duration-ms="2916" status="PASS">
          <reporter-output>
          </reporter-output>
        </test-method> <!-- setUp -->
        <test-method signature="clickHome()[pri:0, instance:com.qa.test.saucedemo.testcase.CheckoutCompletePageTest@2d3379b4]" started-at="2024-02-09T16:28:51 IST" name="clickHome" finished-at="2024-02-09T16:28:56 IST" duration-ms="5087" status="PASS">
          <reporter-output>
          </reporter-output>
        </test-method> <!-- clickHome -->
        <test-method is-config="true" signature="tearDown()[pri:0, instance:com.qa.test.saucedemo.testcase.CheckoutCompletePageTest@2d3379b4]" started-at="2024-02-09T16:28:56 IST" name="tearDown" finished-at="2024-02-09T16:28:56 IST" duration-ms="175" status="PASS">
          <reporter-output>
          </reporter-output>
        </test-method> <!-- tearDown -->
      </class> <!-- com.qa.test.saucedemo.testcase.CheckoutCompletePageTest -->
      <class name="com.qa.test.saucedemo.testcase.ProductPageTest">
        <test-method is-config="true" signature="setUp()[pri:0, instance:com.qa.test.saucedemo.testcase.ProductPageTest@443118b0]" started-at="2024-02-09T16:28:21 IST" name="setUp" finished-at="2024-02-09T16:28:23 IST" duration-ms="2237" status="PASS">
          <reporter-output>
          </reporter-output>
        </test-method> <!-- setUp -->
        <test-method signature="addToCart()[pri:0, instance:com.qa.test.saucedemo.testcase.ProductPageTest@443118b0]" started-at="2024-02-09T16:28:23 IST" name="addToCart" finished-at="2024-02-09T16:28:24 IST" duration-ms="81" status="PASS">
          <reporter-output>
          </reporter-output>
        </test-method> <!-- addToCart -->
        <test-method is-config="true" signature="tearDown()[pri:0, instance:com.qa.test.saucedemo.testcase.ProductPageTest@443118b0]" started-at="2024-02-09T16:28:24 IST" name="tearDown" finished-at="2024-02-09T16:28:24 IST" duration-ms="152" status="PASS">
          <reporter-output>
          </reporter-output>
        </test-method> <!-- tearDown -->
      </class> <!-- com.qa.test.saucedemo.testcase.ProductPageTest -->
      <class name="com.qa.test.saucedemo.testcase.LoginPageTest">
        <test-method is-config="true" signature="setUp()[pri:0, instance:com.qa.test.saucedemo.testcase.LoginPageTest@747ddf94]" started-at="2024-02-09T16:28:10 IST" name="setUp" finished-at="2024-02-09T16:28:13 IST" duration-ms="2849" status="PASS">
          <reporter-output>
          </reporter-output>
        </test-method> <!-- setUp -->
        <test-method signature="login()[pri:0, instance:com.qa.test.saucedemo.testcase.LoginPageTest@747ddf94]" started-at="2024-02-09T16:28:13 IST" name="login" finished-at="2024-02-09T16:28:13 IST" duration-ms="201" status="PASS">
          <reporter-output>
          </reporter-output>
        </test-method> <!-- login -->
        <test-method is-config="true" signature="tearDown()[pri:0, instance:com.qa.test.saucedemo.testcase.LoginPageTest@747ddf94]" started-at="2024-02-09T16:28:13 IST" name="tearDown" finished-at="2024-02-09T16:28:13 IST" duration-ms="165" status="PASS">
          <reporter-output>
          </reporter-output>
        </test-method> <!-- tearDown -->
      </class> <!-- com.qa.test.saucedemo.testcase.LoginPageTest -->
      <class name="com.qa.test.saucedemo.testcase.CartPageTest">
        <test-method is-config="true" signature="setUp()[pri:0, instance:com.qa.test.saucedemo.testcase.CartPageTest@765d7657]" started-at="2024-02-09T16:28:24 IST" name="setUp" finished-at="2024-02-09T16:28:26 IST" duration-ms="2736" status="PASS">
          <reporter-output>
          </reporter-output>
        </test-method> <!-- setUp -->
        <test-method signature="checkout()[pri:0, instance:com.qa.test.saucedemo.testcase.CartPageTest@765d7657]" started-at="2024-02-09T16:28:26 IST" name="checkout" finished-at="2024-02-09T16:28:32 IST" duration-ms="5096" status="PASS">
          <reporter-output>
          </reporter-output>
        </test-method> <!-- checkout -->
        <test-method is-config="true" signature="tearDown()[pri:0, instance:com.qa.test.saucedemo.testcase.CartPageTest@765d7657]" started-at="2024-02-09T16:28:32 IST" name="tearDown" finished-at="2024-02-09T16:28:32 IST" duration-ms="156" status="PASS">
          <reporter-output>
          </reporter-output>
        </test-method> <!-- tearDown -->
      </class> <!-- com.qa.test.saucedemo.testcase.CartPageTest -->
      <class name="com.qa.test.saucedemo.testcase.HomePageTest">
        <test-method is-config="true" signature="setUp()[pri:0, instance:com.qa.test.saucedemo.testcase.HomePageTest@5fe94a96]" started-at="2024-02-09T16:28:13 IST" name="setUp" finished-at="2024-02-09T16:28:16 IST" duration-ms="2514" status="PASS">
          <reporter-output>
          </reporter-output>
        </test-method> <!-- setUp -->
        <test-method signature="clickOneProduct()[pri:0, instance:com.qa.test.saucedemo.testcase.HomePageTest@5fe94a96]" started-at="2024-02-09T16:28:16 IST" name="clickOneProduct" finished-at="2024-02-09T16:28:21 IST" duration-ms="5114" status="PASS">
          <reporter-output>
          </reporter-output>
        </test-method> <!-- clickOneProduct -->
        <test-method is-config="true" signature="tearDown()[pri:0, instance:com.qa.test.saucedemo.testcase.HomePageTest@5fe94a96]" started-at="2024-02-09T16:28:21 IST" name="tearDown" finished-at="2024-02-09T16:28:21 IST" duration-ms="171" status="PASS">
          <reporter-output>
          </reporter-output>
        </test-method> <!-- tearDown -->
      </class> <!-- com.qa.test.saucedemo.testcase.HomePageTest -->
      <class name="com.qa.test.saucedemo.testcase.CheckoutInformationPageTest">
        <test-method is-config="true" signature="setUp()[pri:0, instance:com.qa.test.saucedemo.testcase.CheckoutInformationPageTest@74235045]" started-at="2024-02-09T16:28:32 IST" name="setUp" finished-at="2024-02-09T16:28:34 IST" duration-ms="2469" status="PASS">
          <reporter-output>
          </reporter-output>
        </test-method> <!-- setUp -->
        <test-method signature="clickContinue()[pri:0, instance:com.qa.test.saucedemo.testcase.CheckoutInformationPageTest@74235045]" started-at="2024-02-09T16:28:34 IST" name="clickContinue" finished-at="2024-02-09T16:28:39 IST" duration-ms="5281" status="PASS">
          <reporter-output>
          </reporter-output>
        </test-method> <!-- clickContinue -->
        <test-method is-config="true" signature="tearDown()[pri:0, instance:com.qa.test.saucedemo.testcase.CheckoutInformationPageTest@74235045]" started-at="2024-02-09T16:28:39 IST" name="tearDown" finished-at="2024-02-09T16:28:40 IST" duration-ms="157" status="PASS">
          <reporter-output>
          </reporter-output>
        </test-method> <!-- tearDown -->
      </class> <!-- com.qa.test.saucedemo.testcase.CheckoutInformationPageTest -->
    </test> <!-- Test Basics -->
  </suite> <!-- Practice Suite -->
</testng-results>
