<?xml version="1.0" encoding="UTF-8"?>
<!-- Generated by org.testng.reporters.JUnitXMLReporter -->
<testsuite ignored="0" hostname="A4460L" failures="0" tests="7" name="Test Basics" time="45.862" errors="0" timestamp="2024-02-09T16:28:56 IST">
  <testcase classname="com.qa.test.saucedemo.testcase.LoginPageTest" name="login" time="0.201"/>
  <testcase classname="com.qa.test.saucedemo.testcase.HomePageTest" name="clickOneProduct" time="5.114"/>
  <testcase classname="com.qa.test.saucedemo.testcase.ProductPageTest" name="addToCart" time="0.081"/>
  <testcase classname="com.qa.test.saucedemo.testcase.CartPageTest" name="checkout" time="5.096"/>
  <testcase classname="com.qa.test.saucedemo.testcase.CheckoutInformationPageTest" name="clickContinue" time="5.281"/>
  <testcase classname="com.qa.test.saucedemo.testcase.CheckoutOverviewPageTest" name="clickFinish" time="5.093"/>
  <testcase classname="com.qa.test.saucedemo.testcase.CheckoutCompletePageTest" name="clickHome" time="5.087"/>
</testsuite> <!-- Test Basics -->
